2024-06-19T09:40:03+00:00 DEBUG Tt4b_Pixel_Class::inject_add_to_cart_event: hit AddToCart
2024-06-19T09:40:03+00:00 DEBUG Tt4b_Pixel_Class::inject_add_to_cart_event: Missing option "access_token"
2024-06-19T09:41:07+00:00 DEBUG Tt4b_Pixel_Class::inject_initiate_checkout_event: hit InitiateCheckout
2024-06-19T09:41:07+00:00 DEBUG Tt4b_Pixel_Class::inject_initiate_checkout_event: Missing option "access_token"
2024-06-19T09:41:22+00:00 DEBUG Tt4b_Pixel_Class::inject_initiate_checkout_event: hit InitiateCheckout
2024-06-19T09:41:22+00:00 DEBUG Tt4b_Pixel_Class::inject_initiate_checkout_event: Missing option "access_token"
2024-06-19T09:46:00+00:00 DEBUG Tt4b_Pixel_Class::inject_initiate_checkout_event: hit InitiateCheckout
2024-06-19T09:46:00+00:00 DEBUG Tt4b_Pixel_Class::inject_initiate_checkout_event: Missing option "access_token"
2024-06-19T15:05:23+00:00 DEBUG Tt4b_Pixel_Class::inject_add_to_cart_event: hit AddToCart
2024-06-19T15:05:23+00:00 DEBUG Tt4b_Pixel_Class::inject_add_to_cart_event: Missing option "access_token"
2024-06-19T15:05:28+00:00 DEBUG Tt4b_Pixel_Class::inject_initiate_checkout_event: hit InitiateCheckout
2024-06-19T15:05:28+00:00 DEBUG Tt4b_Pixel_Class::inject_initiate_checkout_event: Missing option "access_token"
2024-06-19T15:05:40+00:00 DEBUG Tt4b_Pixel_Class::inject_initiate_checkout_event: hit InitiateCheckout
2024-06-19T15:05:40+00:00 DEBUG Tt4b_Pixel_Class::inject_initiate_checkout_event: Missing option "access_token"
2024-06-19T15:31:14+00:00 DEBUG POST: https://business-api.tiktok.com/tbp/v2.0/business_profile/disconnect?external_data=

{"business_platform":"WOO_COMMERCE","external_business_id":"tt4b_woocommerce_6671b38fb0cf1"}
 ajax: no
2024-06-19T15:31:15+00:00 DEBUG Tt4b_Mapi_Class::tbp_post: Response: 

HTTP/1.1 200 OK
Content-Type: application/json; charset=utf-8
Content-Length: 95
X-Api-Deprecation-Info: API for Business Version 1.3 is now live. To avoid disruption to your business, we recommend you migrate all calls to v1.3 as soon as possible. Please visit our migration guide for more details: https://ads.tiktok.com/marketing_api/docs?id=1740029169927169
X-Domain-Change-Info: We have moved to the new domain business-api.tiktok.com for API services after the Platform Upgrade on 09/30/2021. Please update all of your requests with the new domain if you haven't done so already. For more information, please visit https://ads.tiktok.com/marketing_api/docs?rid=esb88xalm6m&id=1709207085043713
X-Tt-Logid: 20240619153115FDB56FFEBC5B630B0FB8
x-tt-trace-host: 0117e9f3c50db233276af37fe673528a71c390b6f4ba05f0c66e2f3e78c02ff0afccd8619cb22ec0edf92ad68b8e20b6b2e3da816f6cf8b804f8e6f97a7fdfd61d03eea99d6f5ed4a9a537a9ca509645c3eff80b88028e69295905d062879f69f94367ebd818550545abf858f01a9adbea
x-tt-trace-id: 00-240619153115FDB56FFEBC5B630B0FB8-2D38AD0F3DD8727C-00
Server: TLB
X-Origin-Response-Time: 17,184.85.101.155
X-Akamai-Request-ID: 4062ccd3.dc8f075f
Expires: Wed, 19 Jun 2024 15:31:16 GMT
Cache-Control: max-age=0, no-cache, no-store
Pragma: no-cache
Date: Wed, 19 Jun 2024 15:31:16 GMT
X-Cache: TCP_MISS from a23-33-91-52.deploy.akamaitechnologies.com (AkamaiGHost/11.5.2-56655770) (-)
Connection: close
X-Cache-Remote: TCP_MISS from a184-85-101-155.deploy.akamaitechnologies.com (AkamaiGHost/11.5.2-56655770) (-)
x-tt-trace-tag: id=16;cdn-cache=miss;type=dyn
Server-Timing: cdn-cache; desc=MISS, edge; dur=32, origin; dur=17
Server-Timing: inner; dur=12
X-Parent-Response-Time: 49,23.33.91.52

{"code":40001,"message":"Permission denied.","request_id":"20240619153115FDB56FFEBC5B630B0FB8"}

2024-06-19T15:31:15+00:00 DEBUG POST: https://business-api.tiktok.com/tbp/v2.0/shop/connection/disconnect?external_data=

--- EMPTY STRING ---
 ajax: no
2024-06-19T15:31:15+00:00 DEBUG Tt4b_Mapi_Class::tts_shop_disconnect: Response: 

HTTP/1.1 200 OK
Content-Type: application/json; charset=utf-8
Content-Length: 95
X-Api-Deprecation-Info: API for Business Version 1.3 is now live. To avoid disruption to your business, we recommend you migrate all calls to v1.3 as soon as possible. Please visit our migration guide for more details: https://ads.tiktok.com/marketing_api/docs?id=1740029169927169
X-Domain-Change-Info: We have moved to the new domain business-api.tiktok.com for API services after the Platform Upgrade on 09/30/2021. Please update all of your requests with the new domain if you haven't done so already. For more information, please visit https://ads.tiktok.com/marketing_api/docs?rid=esb88xalm6m&id=1709207085043713
X-Tt-Logid: 2024061915311539113831CA515C0B1868
Server-Timing: inner; dur=9
x-tt-trace-host: 0117e9f3c50db233276af37fe673528a71d0d2c823b153a1ee832a035e3e76fd8d2ab1093ac8ae8ad9004e5da695e61e5003b56397c73abdae9eb605672b5ae92d60378ebbc19e660aa2bbd6b712ba021425a819891be97489030535cb027dde5c
x-tt-trace-id: 00-24061915311539113831CA515C0B1868-734A14BB13FF48F8-00
Server: TLB
Expires: Wed, 19 Jun 2024 15:31:16 GMT
Cache-Control: max-age=0, no-cache, no-store
Pragma: no-cache
Date: Wed, 19 Jun 2024 15:31:16 GMT
X-Cache: TCP_MISS from a23-33-91-52.deploy.akamaitechnologies.com (AkamaiGHost/11.5.2-56655770) (-)
Connection: close
x-tt-trace-tag: id=16;cdn-cache=miss;type=dyn
Server-Timing: cdn-cache; desc=MISS, edge; dur=1, origin; dur=45
X-Origin-Response-Time: 45,23.33.91.52
X-Akamai-Request-ID: dc8f0c56

{"code":40001,"message":"Permission denied.","request_id":"2024061915311539113831CA515C0B1868"}

